<?xml version="1.0" encoding="UTF-8"?>
<!-- Generated by org.testng.reporters.JUnitXMLReporter -->
<testsuite hostname="INBGQT-LT-0460" ignored="0" name="Test" tests="13" failures="3" timestamp="21 Jan 2019 11:50:26 GMT" time="5.643" errors="0">
  <testcase name="T01_Search_Source" time="0.01" classname="com.poc.twitter.test.POST_statuses_update_Test"/>
  <testcase name="T02_Search_Screen_name" time="0.008" classname="com.poc.twitter.test.POST_statuses_update_Test"/>
  <testcase name="T03_Search_Name" time="0.005" classname="com.poc.twitter.test.POST_statuses_update_Test"/>
  <testcase name="T04_Search_followers_count" time="0.006" classname="com.poc.twitter.test.POST_statuses_update_Test"/>
  <testcase name="T05_Search_friends_count" time="0.006" classname="com.poc.twitter.test.POST_statuses_update_Test"/>
  <testcase name="T06_Search_Statuses_count" time="0.005" classname="com.poc.twitter.test.POST_statuses_update_Test">
    <failure type="java.lang.AssertionError" message="Status count is wrong! expected:&amp;lt;181&amp;gt; but was:&amp;lt;186&amp;gt;">
      <![CDATA[java.lang.AssertionError: Status count is wrong! expected:<181> but was:<186>
at org.junit.Assert.fail(Assert.java:88)
at org.junit.Assert.failNotEquals(Assert.java:834)
at org.junit.Assert.assertEquals(Assert.java:118)
at com.poc.twitter.test.POST_statuses_update_Test.T06_Search_Statuses_count(POST_statuses_update_Test.java:99)
... Removed 25 stack frames]]>
    </failure>
  </testcase> <!-- T06_Search_Statuses_count -->
  <testcase name="T01_SearchSource" time="0.027" classname="com.poc.twitter.test.GET_statuses_home_timeline_Test"/>
  <testcase name="T02_Search_Screen_name" time="0.005" classname="com.poc.twitter.test.GET_statuses_home_timeline_Test"/>
  <testcase name="T03_Search_Name" time="0.008" classname="com.poc.twitter.test.GET_statuses_home_timeline_Test"/>
  <testcase name="T04_Search_followers_count" time="0.008" classname="com.poc.twitter.test.GET_statuses_home_timeline_Test"/>
  <testcase name="T05_Search_friends_count" time="0.008" classname="com.poc.twitter.test.GET_statuses_home_timeline_Test"/>
  <testcase name="T06_Search_Statuses_count" time="0.007" classname="com.poc.twitter.test.GET_statuses_home_timeline_Test">
    <failure type="java.lang.AssertionError" message="Status count is wrong! expected:&amp;lt;181&amp;gt; but was:&amp;lt;185&amp;gt;">
      <![CDATA[java.lang.AssertionError: Status count is wrong! expected:<181> but was:<185>
at org.junit.Assert.fail(Assert.java:88)
at org.junit.Assert.failNotEquals(Assert.java:834)
at org.junit.Assert.assertEquals(Assert.java:118)
at com.poc.twitter.test.GET_statuses_home_timeline_Test.T06_Search_Statuses_count(GET_statuses_home_timeline_Test.java:98)
... Removed 25 stack frames]]>
    </failure>
  </testcase> <!-- T06_Search_Statuses_count -->
  <testcase name="T07_Search_Statuses_text" time="0.007" classname="com.poc.twitter.test.GET_statuses_home_timeline_Test">
    <failure type="org.junit.ComparisonFailure" message="Status 2st is wrong! expected:&amp;lt;I[]&amp;gt; but was:&amp;lt;I[ am creating this tweet with Thu Jan 17 12:25:43 IST 2019 Automation]&amp;gt;">
      <![CDATA[org.junit.ComparisonFailure: Status 2st is wrong! expected:<I[]> but was:<I[ am creating this tweet with Thu Jan 17 12:25:43 IST 2019 Automation]>
at org.junit.Assert.assertEquals(Assert.java:115)
at com.poc.twitter.test.GET_statuses_home_timeline_Test.T07_Search_Statuses_text(GET_statuses_home_timeline_Test.java:105)
... Removed 25 stack frames]]>
    </failure>
  </testcase> <!-- T07_Search_Statuses_text -->
</testsuite> <!-- Test -->
