<html>
<head>
<title>TestNG:  Test</title>
<link href="../testng.css" rel="stylesheet" type="text/css" />
<link href="../my-testng.css" rel="stylesheet" type="text/css" />

<style type="text/css">
.log { display: none;} 
.stack-trace { display: none;} 
</style>
<script type="text/javascript">
<!--
function flip(e) {
  current = e.style.display;
  if (current == 'block') {
    e.style.display = 'none';
    return 0;
  }
  else {
    e.style.display = 'block';
    return 1;
  }
}

function toggleBox(szDivId, elem, msg1, msg2)
{
  var res = -1;  if (document.getElementById) {
    res = flip(document.getElementById(szDivId));
  }
  else if (document.all) {
    // this is the way old msie versions work
    res = flip(document.all[szDivId]);
  }
  if(elem) {
    if(res == 0) elem.innerHTML = msg1; else elem.innerHTML = msg2;
  }

}

function toggleAllBoxes() {
  if (document.getElementsByTagName) {
    d = document.getElementsByTagName('div');
    for (i = 0; i < d.length; i++) {
      if (d[i].className == 'log') {
        flip(d[i]);
      }
    }
  }
}

// -->
</script>

</head>
<body>
<h2 align='center'>Test</h2><table border='1' align="center">
<tr>
<td>Tests passed/Failed/Skipped:</td><td>10/3/0</td>
</tr><tr>
<td>Started on:</td><td>Mon Jan 21 17:20:20 IST 2019</td>
</tr>
<tr><td>Total time:</td><td>5 seconds (5643 ms)</td>
</tr><tr>
<td>Included groups:</td><td></td>
</tr><tr>
<td>Excluded groups:</td><td></td>
</tr>
</table><p/>
<small><i>(Hover the method name to see the test class name)</i></small><p/>
<table width='100%' border='1' class='invocation-failed'>
<tr><td colspan='4' align='center'><b>FAILED TESTS</b></td></tr>
<tr><td><b>Test method</b></td>
<td width="30%"><b>Exception</b></td>
<td width="10%"><b>Time (seconds)</b></td>
<td><b>Instance</b></td>
</tr>
<tr>
<td title='com.poc.twitter.test.POST_statuses_update_Test.T06_Search_Statuses_count()'><b>T06_Search_Statuses_count</b><br>Test class: com.poc.twitter.test.POST_statuses_update_Test</td>
<td><div><pre>java.lang.AssertionError: Status count is wrong! expected:&lt;181&gt; but was:&lt;186&gt;
	at org.junit.Assert.fail(Assert.java:88)
	at org.junit.Assert.failNotEquals(Assert.java:834)
	at org.junit.Assert.assertEquals(Assert.java:118)
	at com.poc.twitter.test.POST_statuses_update_Test.T06_Search_Statuses_count(POST_statuses_update_Test.java:99)
... Removed 25 stack frames</pre></div><a href='#' onClick='toggleBox("stack-trace582819897", this, "Click to show all stack frames", "Click to hide stack frames")'>Click to show all stack frames</a>
<div class='stack-trace' id='stack-trace582819897'><pre>java.lang.AssertionError: Status count is wrong! expected:&lt;181&gt; but was:&lt;186&gt;
	at org.junit.Assert.fail(Assert.java:88)
	at org.junit.Assert.failNotEquals(Assert.java:834)
	at org.junit.Assert.assertEquals(Assert.java:118)
	at com.poc.twitter.test.POST_statuses_update_Test.T06_Search_Statuses_count(POST_statuses_update_Test.java:99)
	at sun.reflect.NativeMethodAccessorImpl.invoke0(Native Method)
	at sun.reflect.NativeMethodAccessorImpl.invoke(Unknown Source)
	at sun.reflect.DelegatingMethodAccessorImpl.invoke(Unknown Source)
	at java.lang.reflect.Method.invoke(Unknown Source)
	at org.testng.internal.MethodInvocationHelper.invokeMethod(MethodInvocationHelper.java:124)
	at org.testng.internal.Invoker.invokeMethod(Invoker.java:583)
	at org.testng.internal.Invoker.invokeTestMethod(Invoker.java:719)
	at org.testng.internal.Invoker.invokeTestMethods(Invoker.java:989)
	at org.testng.internal.TestMethodWorker.invokeTestMethods(TestMethodWorker.java:125)
	at org.testng.internal.TestMethodWorker.run(TestMethodWorker.java:109)
	at org.testng.TestRunner.privateRun(TestRunner.java:648)
	at org.testng.TestRunner.run(TestRunner.java:505)
	at org.testng.SuiteRunner.runTest(SuiteRunner.java:455)
	at org.testng.SuiteRunner.runSequentially(SuiteRunner.java:450)
	at org.testng.SuiteRunner.privateRun(SuiteRunner.java:415)
	at org.testng.SuiteRunner.run(SuiteRunner.java:364)
	at org.testng.SuiteRunnerWorker.runSuite(SuiteRunnerWorker.java:52)
	at org.testng.SuiteRunnerWorker.run(SuiteRunnerWorker.java:84)
	at org.testng.TestNG.runSuitesSequentially(TestNG.java:1208)
	at org.testng.TestNG.runSuitesLocally(TestNG.java:1137)
	at org.testng.TestNG.runSuites(TestNG.java:1049)
	at org.testng.TestNG.run(TestNG.java:1017)
	at org.testng.remote.AbstractRemoteTestNG.run(AbstractRemoteTestNG.java:114)
	at org.testng.remote.RemoteTestNG.initAndRun(RemoteTestNG.java:251)
	at org.testng.remote.RemoteTestNG.main(RemoteTestNG.java:77)
</pre></div></td>
<td>0</td>
<td>com.poc.twitter.test.POST_statuses_update_Test@3701eaf6</td></tr>
<tr>
<td title='com.poc.twitter.test.GET_statuses_home_timeline_Test.T06_Search_Statuses_count()'><b>T06_Search_Statuses_count</b><br>Test class: com.poc.twitter.test.GET_statuses_home_timeline_Test</td>
<td><div><pre>java.lang.AssertionError: Status count is wrong! expected:&lt;181&gt; but was:&lt;185&gt;
	at org.junit.Assert.fail(Assert.java:88)
	at org.junit.Assert.failNotEquals(Assert.java:834)
	at org.junit.Assert.assertEquals(Assert.java:118)
	at com.poc.twitter.test.GET_statuses_home_timeline_Test.T06_Search_Statuses_count(GET_statuses_home_timeline_Test.java:98)
... Removed 25 stack frames</pre></div><a href='#' onClick='toggleBox("stack-trace1842173497", this, "Click to show all stack frames", "Click to hide stack frames")'>Click to show all stack frames</a>
<div class='stack-trace' id='stack-trace1842173497'><pre>java.lang.AssertionError: Status count is wrong! expected:&lt;181&gt; but was:&lt;185&gt;
	at org.junit.Assert.fail(Assert.java:88)
	at org.junit.Assert.failNotEquals(Assert.java:834)
	at org.junit.Assert.assertEquals(Assert.java:118)
	at com.poc.twitter.test.GET_statuses_home_timeline_Test.T06_Search_Statuses_count(GET_statuses_home_timeline_Test.java:98)
	at sun.reflect.NativeMethodAccessorImpl.invoke0(Native Method)
	at sun.reflect.NativeMethodAccessorImpl.invoke(Unknown Source)
	at sun.reflect.DelegatingMethodAccessorImpl.invoke(Unknown Source)
	at java.lang.reflect.Method.invoke(Unknown Source)
	at org.testng.internal.MethodInvocationHelper.invokeMethod(MethodInvocationHelper.java:124)
	at org.testng.internal.Invoker.invokeMethod(Invoker.java:583)
	at org.testng.internal.Invoker.invokeTestMethod(Invoker.java:719)
	at org.testng.internal.Invoker.invokeTestMethods(Invoker.java:989)
	at org.testng.internal.TestMethodWorker.invokeTestMethods(TestMethodWorker.java:125)
	at org.testng.internal.TestMethodWorker.run(TestMethodWorker.java:109)
	at org.testng.TestRunner.privateRun(TestRunner.java:648)
	at org.testng.TestRunner.run(TestRunner.java:505)
	at org.testng.SuiteRunner.runTest(SuiteRunner.java:455)
	at org.testng.SuiteRunner.runSequentially(SuiteRunner.java:450)
	at org.testng.SuiteRunner.privateRun(SuiteRunner.java:415)
	at org.testng.SuiteRunner.run(SuiteRunner.java:364)
	at org.testng.SuiteRunnerWorker.runSuite(SuiteRunnerWorker.java:52)
	at org.testng.SuiteRunnerWorker.run(SuiteRunnerWorker.java:84)
	at org.testng.TestNG.runSuitesSequentially(TestNG.java:1208)
	at org.testng.TestNG.runSuitesLocally(TestNG.java:1137)
	at org.testng.TestNG.runSuites(TestNG.java:1049)
	at org.testng.TestNG.run(TestNG.java:1017)
	at org.testng.remote.AbstractRemoteTestNG.run(AbstractRemoteTestNG.java:114)
	at org.testng.remote.RemoteTestNG.initAndRun(RemoteTestNG.java:251)
	at org.testng.remote.RemoteTestNG.main(RemoteTestNG.java:77)
</pre></div></td>
<td>0</td>
<td>com.poc.twitter.test.GET_statuses_home_timeline_Test@627551fb</td></tr>
<tr>
<td title='com.poc.twitter.test.GET_statuses_home_timeline_Test.T07_Search_Statuses_text()'><b>T07_Search_Statuses_text</b><br>Test class: com.poc.twitter.test.GET_statuses_home_timeline_Test</td>
<td><div><pre>org.junit.ComparisonFailure: Status 2st is wrong! expected:&lt;I[]&gt; but was:&lt;I[ am creating this tweet with Thu Jan 17 12:25:43 IST 2019 Automation]&gt;
	at org.junit.Assert.assertEquals(Assert.java:115)
	at com.poc.twitter.test.GET_statuses_home_timeline_Test.T07_Search_Statuses_text(GET_statuses_home_timeline_Test.java:105)
... Removed 25 stack frames</pre></div><a href='#' onClick='toggleBox("stack-trace1571278562", this, "Click to show all stack frames", "Click to hide stack frames")'>Click to show all stack frames</a>
<div class='stack-trace' id='stack-trace1571278562'><pre>org.junit.ComparisonFailure: Status 2st is wrong! expected:&lt;I[]&gt; but was:&lt;I[ am creating this tweet with Thu Jan 17 12:25:43 IST 2019 Automation]&gt;
	at org.junit.Assert.assertEquals(Assert.java:115)
	at com.poc.twitter.test.GET_statuses_home_timeline_Test.T07_Search_Statuses_text(GET_statuses_home_timeline_Test.java:105)
	at sun.reflect.NativeMethodAccessorImpl.invoke0(Native Method)
	at sun.reflect.NativeMethodAccessorImpl.invoke(Unknown Source)
	at sun.reflect.DelegatingMethodAccessorImpl.invoke(Unknown Source)
	at java.lang.reflect.Method.invoke(Unknown Source)
	at org.testng.internal.MethodInvocationHelper.invokeMethod(MethodInvocationHelper.java:124)
	at org.testng.internal.Invoker.invokeMethod(Invoker.java:583)
	at org.testng.internal.Invoker.invokeTestMethod(Invoker.java:719)
	at org.testng.internal.Invoker.invokeTestMethods(Invoker.java:989)
	at org.testng.internal.TestMethodWorker.invokeTestMethods(TestMethodWorker.java:125)
	at org.testng.internal.TestMethodWorker.run(TestMethodWorker.java:109)
	at org.testng.TestRunner.privateRun(TestRunner.java:648)
	at org.testng.TestRunner.run(TestRunner.java:505)
	at org.testng.SuiteRunner.runTest(SuiteRunner.java:455)
	at org.testng.SuiteRunner.runSequentially(SuiteRunner.java:450)
	at org.testng.SuiteRunner.privateRun(SuiteRunner.java:415)
	at org.testng.SuiteRunner.run(SuiteRunner.java:364)
	at org.testng.SuiteRunnerWorker.runSuite(SuiteRunnerWorker.java:52)
	at org.testng.SuiteRunnerWorker.run(SuiteRunnerWorker.java:84)
	at org.testng.TestNG.runSuitesSequentially(TestNG.java:1208)
	at org.testng.TestNG.runSuitesLocally(TestNG.java:1137)
	at org.testng.TestNG.runSuites(TestNG.java:1049)
	at org.testng.TestNG.run(TestNG.java:1017)
	at org.testng.remote.AbstractRemoteTestNG.run(AbstractRemoteTestNG.java:114)
	at org.testng.remote.RemoteTestNG.initAndRun(RemoteTestNG.java:251)
	at org.testng.remote.RemoteTestNG.main(RemoteTestNG.java:77)
</pre></div></td>
<td>0</td>
<td>com.poc.twitter.test.GET_statuses_home_timeline_Test@627551fb</td></tr>
</table><p>
<table width='100%' border='1' class='invocation-passed'>
<tr><td colspan='4' align='center'><b>PASSED TESTS</b></td></tr>
<tr><td><b>Test method</b></td>
<td width="30%"><b>Exception</b></td>
<td width="10%"><b>Time (seconds)</b></td>
<td><b>Instance</b></td>
</tr>
<tr>
<td title='com.poc.twitter.test.GET_statuses_home_timeline_Test.T01_SearchSource()'><b>T01_SearchSource</b><br>Test class: com.poc.twitter.test.GET_statuses_home_timeline_Test</td>
<td></td>
<td>0</td>
<td>com.poc.twitter.test.GET_statuses_home_timeline_Test@627551fb</td></tr>
<tr>
<td title='com.poc.twitter.test.POST_statuses_update_Test.T01_Search_Source()'><b>T01_Search_Source</b><br>Test class: com.poc.twitter.test.POST_statuses_update_Test</td>
<td></td>
<td>0</td>
<td>com.poc.twitter.test.POST_statuses_update_Test@3701eaf6</td></tr>
<tr>
<td title='com.poc.twitter.test.POST_statuses_update_Test.T02_Search_Screen_name()'><b>T02_Search_Screen_name</b><br>Test class: com.poc.twitter.test.POST_statuses_update_Test</td>
<td></td>
<td>0</td>
<td>com.poc.twitter.test.POST_statuses_update_Test@3701eaf6</td></tr>
<tr>
<td title='com.poc.twitter.test.GET_statuses_home_timeline_Test.T02_Search_Screen_name()'><b>T02_Search_Screen_name</b><br>Test class: com.poc.twitter.test.GET_statuses_home_timeline_Test</td>
<td></td>
<td>0</td>
<td>com.poc.twitter.test.GET_statuses_home_timeline_Test@627551fb</td></tr>
<tr>
<td title='com.poc.twitter.test.POST_statuses_update_Test.T03_Search_Name()'><b>T03_Search_Name</b><br>Test class: com.poc.twitter.test.POST_statuses_update_Test</td>
<td></td>
<td>0</td>
<td>com.poc.twitter.test.POST_statuses_update_Test@3701eaf6</td></tr>
<tr>
<td title='com.poc.twitter.test.GET_statuses_home_timeline_Test.T03_Search_Name()'><b>T03_Search_Name</b><br>Test class: com.poc.twitter.test.GET_statuses_home_timeline_Test</td>
<td></td>
<td>0</td>
<td>com.poc.twitter.test.GET_statuses_home_timeline_Test@627551fb</td></tr>
<tr>
<td title='com.poc.twitter.test.POST_statuses_update_Test.T04_Search_followers_count()'><b>T04_Search_followers_count</b><br>Test class: com.poc.twitter.test.POST_statuses_update_Test</td>
<td></td>
<td>0</td>
<td>com.poc.twitter.test.POST_statuses_update_Test@3701eaf6</td></tr>
<tr>
<td title='com.poc.twitter.test.GET_statuses_home_timeline_Test.T04_Search_followers_count()'><b>T04_Search_followers_count</b><br>Test class: com.poc.twitter.test.GET_statuses_home_timeline_Test</td>
<td></td>
<td>0</td>
<td>com.poc.twitter.test.GET_statuses_home_timeline_Test@627551fb</td></tr>
<tr>
<td title='com.poc.twitter.test.POST_statuses_update_Test.T05_Search_friends_count()'><b>T05_Search_friends_count</b><br>Test class: com.poc.twitter.test.POST_statuses_update_Test</td>
<td></td>
<td>0</td>
<td>com.poc.twitter.test.POST_statuses_update_Test@3701eaf6</td></tr>
<tr>
<td title='com.poc.twitter.test.GET_statuses_home_timeline_Test.T05_Search_friends_count()'><b>T05_Search_friends_count</b><br>Test class: com.poc.twitter.test.GET_statuses_home_timeline_Test</td>
<td></td>
<td>0</td>
<td>com.poc.twitter.test.GET_statuses_home_timeline_Test@627551fb</td></tr>
</table><p>
</body>
</html>